This is XeTeX, Version 3.14159265-2.6-0.999991 (TeX Live 2019/W32TeX) (preloaded format=xelatex 2019.9.4)  14 OCT 2019 20:05
entering extended mode
 restricted \write18 enabled.
 %&-line parsing enabled.
**ACMG.tex
(./ACMG.tex
LaTeX2e <2018-12-01>

(c:/Users/Administrator/AppData/Roaming/TinyTeX/texmf-dist/tex/latex/beamer/bea
mer.cls
Document Class: beamer 2018/12/02 v3.55 A class for typesetting presentations

(c:/Users/Administrator/AppData/Roaming/TinyTeX/texmf-dist/tex/latex/beamer/bea
merbasemodes.sty
(c:/Users/Administrator/AppData/Roaming/TinyTeX/texmf-dist/tex/latex/etoolbox/e
toolbox.sty
Package: etoolbox 2018/08/19 v2.5f e-TeX tools for LaTeX (JAW)
\etb@tempcnta=\count80
)
\beamer@tempbox=\box27
\beamer@tempcount=\count81
\c@beamerpauses=\count82

(c:/Users/Administrator/AppData/Roaming/TinyTeX/texmf-dist/tex/latex/beamer/bea
merbasedecode.sty
\beamer@slideinframe=\count83
\beamer@minimum=\count84
)
\beamer@commentbox=\box28
\beamer@modecount=\count85
)
(c:/Users/Administrator/AppData/Roaming/TinyTeX/texmf-dist/tex/generic/oberdiek
/ifpdf.sty
Package: ifpdf 2018/09/07 v3.3 Provides the ifpdf switch
)
\headdp=\dimen102
\footheight=\dimen103
\sidebarheight=\dimen104
\beamer@tempdim=\dimen105
\beamer@finalheight=\dimen106
\beamer@animht=\dimen107
\beamer@animdp=\dimen108
\beamer@animwd=\dimen109
\beamer@leftmargin=\dimen110
\beamer@rightmargin=\dimen111
\beamer@leftsidebar=\dimen112
\beamer@rightsidebar=\dimen113
\beamer@boxsize=\dimen114
\beamer@vboxoffset=\dimen115
\beamer@descdefault=\dimen116
\beamer@descriptionwidth=\dimen117
\beamer@lastskip=\skip41
\beamer@areabox=\box29
\beamer@animcurrent=\box30
\beamer@animshowbox=\box31
\beamer@sectionbox=\box32
\beamer@logobox=\box33
\beamer@linebox=\box34
\beamer@sectioncount=\count86
\beamer@subsubsectionmax=\count87
\beamer@subsectionmax=\count88
\beamer@sectionmax=\count89
\beamer@totalheads=\count90
\beamer@headcounter=\count91
\beamer@partstartpage=\count92
\beamer@sectionstartpage=\count93
\beamer@subsectionstartpage=\count94
\beamer@animationtempa=\count95
\beamer@animationtempb=\count96
\beamer@xpos=\count97
\beamer@ypos=\count98
\beamer@ypos@offset=\count99
\beamer@showpartnumber=\count100
\beamer@currentsubsection=\count101
\beamer@coveringdepth=\count102
\beamer@sectionadjust=\count103
\beamer@tocsectionnumber=\count104

(c:/Users/Administrator/AppData/Roaming/TinyTeX/texmf-dist/tex/latex/beamer/bea
merbaseoptions.sty
(c:/Users/Administrator/AppData/Roaming/TinyTeX/texmf-dist/tex/latex/graphics/k
eyval.sty
Package: keyval 2014/10/28 v1.15 key=value parser (DPC)
\KV@toks@=\toks14
))
\beamer@paperwidth=\skip42
\beamer@paperheight=\skip43

(c:/Users/Administrator/AppData/Roaming/TinyTeX/texmf-dist/tex/latex/geometry/g
eometry.sty
Package: geometry 2018/04/16 v5.8 Page Geometry

(c:/Users/Administrator/AppData/Roaming/TinyTeX/texmf-dist/tex/generic/oberdiek
/ifvtex.sty
Package: ifvtex 2016/05/16 v1.6 Detect VTeX and its facilities (HO)
Package ifvtex Info: VTeX not detected.
)
(c:/Users/Administrator/AppData/Roaming/TinyTeX/texmf-dist/tex/generic/ifxetex/
ifxetex.sty
Package: ifxetex 2010/09/12 v0.6 Provides ifxetex conditional
)
\Gm@cnth=\count105
\Gm@cntv=\count106
\c@Gm@tempcnt=\count107
\Gm@bindingoffset=\dimen118
\Gm@wd@mp=\dimen119
\Gm@odd@mp=\dimen120
\Gm@even@mp=\dimen121
\Gm@layoutwidth=\dimen122
\Gm@layoutheight=\dimen123
\Gm@layouthoffset=\dimen124
\Gm@layoutvoffset=\dimen125
\Gm@dimlist=\toks15
)
(c:/Users/Administrator/AppData/Roaming/TinyTeX/texmf-dist/tex/latex/base/size1
1.clo
File: size11.clo 2018/09/03 v1.4i Standard LaTeX file (size option)
)
(c:/Users/Administrator/AppData/Roaming/TinyTeX/texmf-dist/tex/latex/pgf/basicl
ayer/pgfcore.sty
(c:/Users/Administrator/AppData/Roaming/TinyTeX/texmf-dist/tex/latex/graphics/g
raphicx.sty
Package: graphicx 2017/06/01 v1.1a Enhanced LaTeX Graphics (DPC,SPQR)

(c:/Users/Administrator/AppData/Roaming/TinyTeX/texmf-dist/tex/latex/graphics/g
raphics.sty
Package: graphics 2017/06/25 v1.2c Standard LaTeX Graphics (DPC,SPQR)

(c:/Users/Administrator/AppData/Roaming/TinyTeX/texmf-dist/tex/latex/graphics/t
rig.sty
Package: trig 2016/01/03 v1.10 sin cos tan (DPC)
)
(c:/Users/Administrator/AppData/Roaming/TinyTeX/texmf-dist/tex/latex/graphics-c
fg/graphics.cfg
File: graphics.cfg 2016/06/04 v1.11 sample graphics configuration
)
Package graphics Info: Driver file: xetex.def on input line 99.

(c:/Users/Administrator/AppData/Roaming/TinyTeX/texmf-dist/tex/latex/graphics-d
ef/xetex.def
File: xetex.def 2017/06/24 v5.0h Graphics/color driver for xetex
))
\Gin@req@height=\dimen126
\Gin@req@width=\dimen127
)
(c:/Users/Administrator/AppData/Roaming/TinyTeX/texmf-dist/tex/latex/pgf/system
layer/pgfsys.sty
(c:/Users/Administrator/AppData/Roaming/TinyTeX/texmf-dist/tex/latex/pgf/utilit
ies/pgfrcs.sty
(c:/Users/Administrator/AppData/Roaming/TinyTeX/texmf-dist/tex/generic/pgf/util
ities/pgfutil-common.tex
\pgfutil@everybye=\toks16
\pgfutil@tempdima=\dimen128
\pgfutil@tempdimb=\dimen129

(c:/Users/Administrator/AppData/Roaming/TinyTeX/texmf-dist/tex/generic/pgf/util
ities/pgfutil-common-lists.tex))
(c:/Users/Administrator/AppData/Roaming/TinyTeX/texmf-dist/tex/generic/pgf/util
ities/pgfutil-latex.def
\pgfutil@abb=\box35

(c:/Users/Administrator/AppData/Roaming/TinyTeX/texmf-dist/tex/latex/ms/everysh
i.sty
Package: everyshi 2001/05/15 v3.00 EveryShipout Package (MS)
))
(c:/Users/Administrator/AppData/Roaming/TinyTeX/texmf-dist/tex/generic/pgf/util
ities/pgfrcs.code.tex
(c:/Users/Administrator/AppData/Roaming/TinyTeX/texmf-dist/tex/generic/pgf/pgf.
revision.tex)
Package: pgfrcs 2019/08/03 v3.1.4b (3.1.4b)
))
(c:/Users/Administrator/AppData/Roaming/TinyTeX/texmf-dist/tex/generic/pgf/syst
emlayer/pgfsys.code.tex
Package: pgfsys 2019/08/03 v3.1.4b (3.1.4b)

(c:/Users/Administrator/AppData/Roaming/TinyTeX/texmf-dist/tex/generic/pgf/util
ities/pgfkeys.code.tex
\pgfkeys@pathtoks=\toks17
\pgfkeys@temptoks=\toks18

(c:/Users/Administrator/AppData/Roaming/TinyTeX/texmf-dist/tex/generic/pgf/util
ities/pgfkeysfiltered.code.tex
\pgfkeys@tmptoks=\toks19
))
\pgf@x=\dimen130
\pgf@y=\dimen131
\pgf@xa=\dimen132
\pgf@ya=\dimen133
\pgf@xb=\dimen134
\pgf@yb=\dimen135
\pgf@xc=\dimen136
\pgf@yc=\dimen137
\pgf@xd=\dimen138
\pgf@yd=\dimen139
\w@pgf@writea=\write3
\r@pgf@reada=\read1
\c@pgf@counta=\count108
\c@pgf@countb=\count109
\c@pgf@countc=\count110
\c@pgf@countd=\count111
\t@pgf@toka=\toks20
\t@pgf@tokb=\toks21
\t@pgf@tokc=\toks22
\pgf@sys@id@count=\count112

(c:/Users/Administrator/AppData/Roaming/TinyTeX/texmf-dist/tex/generic/pgf/syst
emlayer/pgf.cfg
File: pgf.cfg 2019/08/03 v3.1.4b (3.1.4b)
)
Driver file for pgf: pgfsys-xetex.def

(c:/Users/Administrator/AppData/Roaming/TinyTeX/texmf-dist/tex/generic/pgf/syst
emlayer/pgfsys-xetex.def
File: pgfsys-xetex.def 2019/08/03 v3.1.4b (3.1.4b)

(c:/Users/Administrator/AppData/Roaming/TinyTeX/texmf-dist/tex/generic/pgf/syst
emlayer/pgfsys-dvipdfmx.def
File: pgfsys-dvipdfmx.def 2019/08/03 v3.1.4b (3.1.4b)

(c:/Users/Administrator/AppData/Roaming/TinyTeX/texmf-dist/tex/generic/pgf/syst
emlayer/pgfsys-common-pdf.def
File: pgfsys-common-pdf.def 2019/08/03 v3.1.4b (3.1.4b)
)
\pgfsys@objnum=\count113
)))
(c:/Users/Administrator/AppData/Roaming/TinyTeX/texmf-dist/tex/generic/pgf/syst
emlayer/pgfsyssoftpath.code.tex
File: pgfsyssoftpath.code.tex 2019/08/03 v3.1.4b (3.1.4b)
\pgfsyssoftpath@smallbuffer@items=\count114
\pgfsyssoftpath@bigbuffer@items=\count115
)
(c:/Users/Administrator/AppData/Roaming/TinyTeX/texmf-dist/tex/generic/pgf/syst
emlayer/pgfsysprotocol.code.tex
File: pgfsysprotocol.code.tex 2019/08/03 v3.1.4b (3.1.4b)
))
(c:/Users/Administrator/AppData/Roaming/TinyTeX/texmf-dist/tex/latex/xcolor/xco
lor.sty
Package: xcolor 2016/05/11 v2.12 LaTeX color extensions (UK)

(c:/Users/Administrator/AppData/Roaming/TinyTeX/texmf-dist/tex/latex/graphics-c
fg/color.cfg
File: color.cfg 2016/01/02 v1.6 sample color configuration
)
Package xcolor Info: Driver file: xetex.def on input line 225.
Package xcolor Info: Model `cmy' substituted by `cmy0' on input line 1348.
Package xcolor Info: Model `RGB' extended on input line 1364.
Package xcolor Info: Model `HTML' substituted by `rgb' on input line 1366.
Package xcolor Info: Model `Hsb' substituted by `hsb' on input line 1367.
Package xcolor Info: Model `tHsb' substituted by `hsb' on input line 1368.
Package xcolor Info: Model `HSB' substituted by `hsb' on input line 1369.
Package xcolor Info: Model `Gray' substituted by `gray' on input line 1370.
Package xcolor Info: Model `wave' substituted by `hsb' on input line 1371.
)
(c:/Users/Administrator/AppData/Roaming/TinyTeX/texmf-dist/tex/generic/pgf/basi
clayer/pgfcore.code.tex
Package: pgfcore 2019/08/03 v3.1.4b (3.1.4b)

(c:/Users/Administrator/AppData/Roaming/TinyTeX/texmf-dist/tex/generic/pgf/math
/pgfmath.code.tex
(c:/Users/Administrator/AppData/Roaming/TinyTeX/texmf-dist/tex/generic/pgf/math
/pgfmathcalc.code.tex
(c:/Users/Administrator/AppData/Roaming/TinyTeX/texmf-dist/tex/generic/pgf/math
/pgfmathutil.code.tex)
(c:/Users/Administrator/AppData/Roaming/TinyTeX/texmf-dist/tex/generic/pgf/math
/pgfmathparser.code.tex
\pgfmath@dimen=\dimen140
\pgfmath@count=\count116
\pgfmath@box=\box36
\pgfmath@toks=\toks23
\pgfmath@stack@operand=\toks24
\pgfmath@stack@operation=\toks25
)
(c:/Users/Administrator/AppData/Roaming/TinyTeX/texmf-dist/tex/generic/pgf/math
/pgfmathfunctions.code.tex
(c:/Users/Administrator/AppData/Roaming/TinyTeX/texmf-dist/tex/generic/pgf/math
/pgfmathfunctions.basic.code.tex)
(c:/Users/Administrator/AppData/Roaming/TinyTeX/texmf-dist/tex/generic/pgf/math
/pgfmathfunctions.trigonometric.code.tex)
(c:/Users/Administrator/AppData/Roaming/TinyTeX/texmf-dist/tex/generic/pgf/math
/pgfmathfunctions.random.code.tex)
(c:/Users/Administrator/AppData/Roaming/TinyTeX/texmf-dist/tex/generic/pgf/math
/pgfmathfunctions.comparison.code.tex)
(c:/Users/Administrator/AppData/Roaming/TinyTeX/texmf-dist/tex/generic/pgf/math
/pgfmathfunctions.base.code.tex)
(c:/Users/Administrator/AppData/Roaming/TinyTeX/texmf-dist/tex/generic/pgf/math
/pgfmathfunctions.round.code.tex)
(c:/Users/Administrator/AppData/Roaming/TinyTeX/texmf-dist/tex/generic/pgf/math
/pgfmathfunctions.misc.code.tex)
(c:/Users/Administrator/AppData/Roaming/TinyTeX/texmf-dist/tex/generic/pgf/math
/pgfmathfunctions.integerarithmetics.code.tex)))
(c:/Users/Administrator/AppData/Roaming/TinyTeX/texmf-dist/tex/generic/pgf/math
/pgfmathfloat.code.tex
\c@pgfmathroundto@lastzeros=\count117
))
(c:/Users/Administrator/AppData/Roaming/TinyTeX/texmf-dist/tex/generic/pgf/math
/pgfint.code.tex)
(c:/Users/Administrator/AppData/Roaming/TinyTeX/texmf-dist/tex/generic/pgf/basi
clayer/pgfcorepoints.code.tex
File: pgfcorepoints.code.tex 2019/08/03 v3.1.4b (3.1.4b)
\pgf@picminx=\dimen141
\pgf@picmaxx=\dimen142
\pgf@picminy=\dimen143
\pgf@picmaxy=\dimen144
\pgf@pathminx=\dimen145
\pgf@pathmaxx=\dimen146
\pgf@pathminy=\dimen147
\pgf@pathmaxy=\dimen148
\pgf@xx=\dimen149
\pgf@xy=\dimen150
\pgf@yx=\dimen151
\pgf@yy=\dimen152
\pgf@zx=\dimen153
\pgf@zy=\dimen154
)
(c:/Users/Administrator/AppData/Roaming/TinyTeX/texmf-dist/tex/generic/pgf/basi
clayer/pgfcorepathconstruct.code.tex
File: pgfcorepathconstruct.code.tex 2019/08/03 v3.1.4b (3.1.4b)
\pgf@path@lastx=\dimen155
\pgf@path@lasty=\dimen156
)
(c:/Users/Administrator/AppData/Roaming/TinyTeX/texmf-dist/tex/generic/pgf/basi
clayer/pgfcorepathusage.code.tex
File: pgfcorepathusage.code.tex 2019/08/03 v3.1.4b (3.1.4b)
\pgf@shorten@end@additional=\dimen157
\pgf@shorten@start@additional=\dimen158
)
(c:/Users/Administrator/AppData/Roaming/TinyTeX/texmf-dist/tex/generic/pgf/basi
clayer/pgfcorescopes.code.tex
File: pgfcorescopes.code.tex 2019/08/03 v3.1.4b (3.1.4b)
\pgfpic=\box37
\pgf@hbox=\box38
\pgf@layerbox@main=\box39
\pgf@picture@serial@count=\count118
)
(c:/Users/Administrator/AppData/Roaming/TinyTeX/texmf-dist/tex/generic/pgf/basi
clayer/pgfcoregraphicstate.code.tex
File: pgfcoregraphicstate.code.tex 2019/08/03 v3.1.4b (3.1.4b)
\pgflinewidth=\dimen159
)
(c:/Users/Administrator/AppData/Roaming/TinyTeX/texmf-dist/tex/generic/pgf/basi
clayer/pgfcoretransformations.code.tex
File: pgfcoretransformations.code.tex 2019/08/03 v3.1.4b (3.1.4b)
\pgf@pt@x=\dimen160
\pgf@pt@y=\dimen161
\pgf@pt@temp=\dimen162
)
(c:/Users/Administrator/AppData/Roaming/TinyTeX/texmf-dist/tex/generic/pgf/basi
clayer/pgfcorequick.code.tex
File: pgfcorequick.code.tex 2019/08/03 v3.1.4b (3.1.4b)
)
(c:/Users/Administrator/AppData/Roaming/TinyTeX/texmf-dist/tex/generic/pgf/basi
clayer/pgfcoreobjects.code.tex
File: pgfcoreobjects.code.tex 2019/08/03 v3.1.4b (3.1.4b)
)
(c:/Users/Administrator/AppData/Roaming/TinyTeX/texmf-dist/tex/generic/pgf/basi
clayer/pgfcorepathprocessing.code.tex
File: pgfcorepathprocessing.code.tex 2019/08/03 v3.1.4b (3.1.4b)
)
(c:/Users/Administrator/AppData/Roaming/TinyTeX/texmf-dist/tex/generic/pgf/basi
clayer/pgfcorearrows.code.tex
File: pgfcorearrows.code.tex 2019/08/03 v3.1.4b (3.1.4b)
\pgfarrowsep=\dimen163
)
(c:/Users/Administrator/AppData/Roaming/TinyTeX/texmf-dist/tex/generic/pgf/basi
clayer/pgfcoreshade.code.tex
File: pgfcoreshade.code.tex 2019/08/03 v3.1.4b (3.1.4b)
\pgf@max=\dimen164
\pgf@sys@shading@range@num=\count119
\pgf@shadingcount=\count120
)
(c:/Users/Administrator/AppData/Roaming/TinyTeX/texmf-dist/tex/generic/pgf/basi
clayer/pgfcoreimage.code.tex
File: pgfcoreimage.code.tex 2019/08/03 v3.1.4b (3.1.4b)

(c:/Users/Administrator/AppData/Roaming/TinyTeX/texmf-dist/tex/generic/pgf/basi
clayer/pgfcoreexternal.code.tex
File: pgfcoreexternal.code.tex 2019/08/03 v3.1.4b (3.1.4b)
\pgfexternal@startupbox=\box40
))
(c:/Users/Administrator/AppData/Roaming/TinyTeX/texmf-dist/tex/generic/pgf/basi
clayer/pgfcorelayers.code.tex
File: pgfcorelayers.code.tex 2019/08/03 v3.1.4b (3.1.4b)
)
(c:/Users/Administrator/AppData/Roaming/TinyTeX/texmf-dist/tex/generic/pgf/basi
clayer/pgfcoretransparency.code.tex
File: pgfcoretransparency.code.tex 2019/08/03 v3.1.4b (3.1.4b)
)
(c:/Users/Administrator/AppData/Roaming/TinyTeX/texmf-dist/tex/generic/pgf/basi
clayer/pgfcorepatterns.code.tex
File: pgfcorepatterns.code.tex 2019/08/03 v3.1.4b (3.1.4b)
)
(c:/Users/Administrator/AppData/Roaming/TinyTeX/texmf-dist/tex/generic/pgf/basi
clayer/pgfcorerdf.code.tex
File: pgfcorerdf.code.tex 2019/08/03 v3.1.4b (3.1.4b)
)))
(c:/Users/Administrator/AppData/Roaming/TinyTeX/texmf-dist/tex/latex/pgf/utilit
ies/xxcolor.sty
Package: xxcolor 2003/10/24 ver 0.1
\XC@nummixins=\count121
\XC@countmixins=\count122
)
(c:/Users/Administrator/AppData/Roaming/TinyTeX/texmf-dist/tex/generic/oberdiek
/atbegshi.sty
Package: atbegshi 2016/06/09 v1.18 At begin shipout hook (HO)

(c:/Users/Administrator/AppData/Roaming/TinyTeX/texmf-dist/tex/generic/oberdiek
/infwarerr.sty
Package: infwarerr 2016/05/16 v1.4 Providing info/warning/error messages (HO)
)
(c:/Users/Administrator/AppData/Roaming/TinyTeX/texmf-dist/tex/generic/oberdiek
/ltxcmds.sty
Package: ltxcmds 2016/05/16 v1.23 LaTeX kernel commands for general use (HO)
))
(c:/Users/Administrator/AppData/Roaming/TinyTeX/texmf-dist/tex/latex/hyperref/h
yperref.sty
Package: hyperref 2019/06/12 v6.88h Hypertext links for LaTeX

(c:/Users/Administrator/AppData/Roaming/TinyTeX/texmf-dist/tex/generic/oberdiek
/hobsub-hyperref.sty
Package: hobsub-hyperref 2016/05/16 v1.14 Bundle oberdiek, subset hyperref (HO)


(c:/Users/Administrator/AppData/Roaming/TinyTeX/texmf-dist/tex/generic/oberdiek
/hobsub-generic.sty
Package: hobsub-generic 2016/05/16 v1.14 Bundle oberdiek, subset generic (HO)
Package: hobsub 2016/05/16 v1.14 Construct package bundles (HO)
Package hobsub Info: Skipping package `infwarerr' (already loaded).
Package hobsub Info: Skipping package `ltxcmds' (already loaded).
Package: ifluatex 2016/05/16 v1.4 Provides the ifluatex switch (HO)
Package ifluatex Info: LuaTeX not detected.
Package hobsub Info: Skipping package `ifvtex' (already loaded).
Package: intcalc 2016/05/16 v1.2 Expandable calculations with integers (HO)
Package hobsub Info: Skipping package `ifpdf' (already loaded).
Package: etexcmds 2016/05/16 v1.6 Avoid name clashes with e-TeX commands (HO)
Package: kvsetkeys 2016/05/16 v1.17 Key value parser (HO)
Package: kvdefinekeys 2016/05/16 v1.4 Define keys (HO)
Package: pdftexcmds 2019/07/25 v0.30 Utility functions of pdfTeX for LuaTeX (HO
)
Package pdftexcmds Info: LuaTeX not detected.
Package pdftexcmds Info: pdfTeX >= 1.30 not detected.
Package pdftexcmds Info: \pdf@primitive is available.
Package pdftexcmds Info: \pdf@ifprimitive is available.
Package pdftexcmds Info: \pdfdraftmode not found.
Package: pdfescape 2016/05/16 v1.14 Implements pdfTeX's escape features (HO)
Package: bigintcalc 2016/05/16 v1.4 Expandable calculations on big integers (HO
)
Package: bitset 2016/05/16 v1.2 Handle bit-vector datatype (HO)
Package: uniquecounter 2016/05/16 v1.3 Provide unlimited unique counter (HO)
)
Package hobsub Info: Skipping package `hobsub' (already loaded).
Package: letltxmacro 2016/05/16 v1.5 Let assignment for LaTeX macros (HO)
Package: hopatch 2016/05/16 v1.3 Wrapper for package hooks (HO)
Package: xcolor-patch 2016/05/16 xcolor patch
Package: atveryend 2016/05/16 v1.9 Hooks at the very end of document (HO)
Package hobsub Info: Skipping package `atbegshi' (already loaded).
Package: refcount 2016/05/16 v3.5 Data extraction from label references (HO)
Package: hycolor 2016/05/16 v1.8 Color options for hyperref/bookmark (HO)
)
(c:/Users/Administrator/AppData/Roaming/TinyTeX/texmf-dist/tex/latex/oberdiek/a
uxhook.sty
Package: auxhook 2016/05/16 v1.4 Hooks for auxiliary files (HO)
)
(c:/Users/Administrator/AppData/Roaming/TinyTeX/texmf-dist/tex/latex/oberdiek/k
voptions.sty
Package: kvoptions 2016/05/16 v3.12 Key value format for package options (HO)
)
\@linkdim=\dimen165
\Hy@linkcounter=\count123
\Hy@pagecounter=\count124

(c:/Users/Administrator/AppData/Roaming/TinyTeX/texmf-dist/tex/latex/hyperref/p
d1enc.def
File: pd1enc.def 2019/06/12 v6.88h Hyperref: PDFDocEncoding definition (HO)
)
\Hy@SavedSpaceFactor=\count125

(c:/Users/Administrator/AppData/Roaming/TinyTeX/texmf-dist/tex/latex/latexconfi
g/hyperref.cfg
File: hyperref.cfg 2002/06/06 v1.2 hyperref configuration of TeXLive
)
Package hyperref Info: Option `unicode' set `true' on input line 4424.

(c:/Users/Administrator/AppData/Roaming/TinyTeX/texmf-dist/tex/latex/hyperref/p
uenc.def
File: puenc.def 2019/06/12 v6.88h Hyperref: PDF Unicode definition (HO)
)
Package hyperref Info: Option `bookmarks' set `true' on input line 4424.
Package hyperref Info: Option `bookmarksopen' set `true' on input line 4424.
Package hyperref Info: Option `implicit' set `false' on input line 4424.
Package hyperref Info: Hyper figures OFF on input line 4550.
Package hyperref Info: Link nesting OFF on input line 4555.
Package hyperref Info: Hyper index ON on input line 4558.
Package hyperref Info: Plain pages OFF on input line 4565.
Package hyperref Info: Backreferencing OFF on input line 4570.
Package hyperref Info: Implicit mode OFF; no redefinition of LaTeX internals.
Package hyperref Info: Bookmarks ON on input line 4803.
\c@Hy@tempcnt=\count126

(c:/Users/Administrator/AppData/Roaming/TinyTeX/texmf-dist/tex/latex/url/url.st
y
\Urlmuskip=\muskip10
Package: url 2013/09/16  ver 3.4  Verb mode for urls, etc.
)
LaTeX Info: Redefining \url on input line 5156.
\XeTeXLinkMargin=\dimen166
\Fld@menulength=\count127
\Field@Width=\dimen167
\Fld@charsize=\dimen168
Package hyperref Info: Hyper figures OFF on input line 6411.
Package hyperref Info: Link nesting OFF on input line 6416.
Package hyperref Info: Hyper index ON on input line 6419.
Package hyperref Info: backreferencing OFF on input line 6426.
Package hyperref Info: Link coloring OFF on input line 6431.
Package hyperref Info: Link coloring with OCG OFF on input line 6436.
Package hyperref Info: PDF/A mode OFF on input line 6441.
LaTeX Info: Redefining \ref on input line 6481.
LaTeX Info: Redefining \pageref on input line 6485.
\Hy@abspage=\count128

Package hyperref Message: Stopped early.

)
Package hyperref Info: Driver (autodetected): hxetex.

(c:/Users/Administrator/AppData/Roaming/TinyTeX/texmf-dist/tex/latex/hyperref/h
xetex.def
File: hxetex.def 2019/06/12 v6.88h Hyperref driver for XeTeX

(c:/Users/Administrator/AppData/Roaming/TinyTeX/texmf-dist/tex/generic/oberdiek
/stringenc.sty
Package: stringenc 2016/05/16 v1.11 Convert strings between diff. encodings (HO
)
)
\pdfm@box=\box41
\c@Hy@AnnotLevel=\count129
\HyField@AnnotCount=\count130
\Fld@listcount=\count131
\c@bookmark@seq@number=\count132

(c:/Users/Administrator/AppData/Roaming/TinyTeX/texmf-dist/tex/latex/oberdiek/r
erunfilecheck.sty
Package: rerunfilecheck 2016/05/16 v1.8 Rerun checks for auxiliary files (HO)
Package uniquecounter Info: New unique counter `rerunfilecheck' on input line 2
82.
))
(c:/Users/Administrator/AppData/Roaming/TinyTeX/texmf-dist/tex/latex/beamer/bea
merbaserequires.sty
(c:/Users/Administrator/AppData/Roaming/TinyTeX/texmf-dist/tex/latex/beamer/bea
merbasecompatibility.sty)
(c:/Users/Administrator/AppData/Roaming/TinyTeX/texmf-dist/tex/latex/beamer/bea
merbasefont.sty
(c:/Users/Administrator/AppData/Roaming/TinyTeX/texmf-dist/tex/latex/amsfonts/a
mssymb.sty
Package: amssymb 2013/01/14 v3.01 AMS font symbols

(c:/Users/Administrator/AppData/Roaming/TinyTeX/texmf-dist/tex/latex/amsfonts/a
msfonts.sty
Package: amsfonts 2013/01/14 v3.01 Basic AMSFonts support
\@emptytoks=\toks26
\symAMSa=\mathgroup4
\symAMSb=\mathgroup5
LaTeX Font Info:    Overwriting math alphabet `\mathfrak' in version `bold'
(Font)                  U/euf/m/n --> U/euf/b/n on input line 106.
)))
(c:/Users/Administrator/AppData/Roaming/TinyTeX/texmf-dist/tex/latex/beamer/bea
merbasetranslator.sty
(c:/Users/Administrator/AppData/Roaming/TinyTeX/texmf-dist/tex/latex/translator
/translator.sty
Package: translator 2018/01/04 v1.12 Easy translation of strings in LaTeX
))
(c:/Users/Administrator/AppData/Roaming/TinyTeX/texmf-dist/tex/latex/beamer/bea
merbasemisc.sty)
(c:/Users/Administrator/AppData/Roaming/TinyTeX/texmf-dist/tex/latex/beamer/bea
merbasetwoscreens.sty)
(c:/Users/Administrator/AppData/Roaming/TinyTeX/texmf-dist/tex/latex/beamer/bea
merbaseoverlay.sty
\beamer@argscount=\count133
\beamer@lastskipcover=\skip44
\beamer@trivlistdepth=\count134
)
(c:/Users/Administrator/AppData/Roaming/TinyTeX/texmf-dist/tex/latex/beamer/bea
merbasetitle.sty)
(c:/Users/Administrator/AppData/Roaming/TinyTeX/texmf-dist/tex/latex/beamer/bea
merbasesection.sty
\c@lecture=\count135
\c@part=\count136
\c@section=\count137
\c@subsection=\count138
\c@subsubsection=\count139
)
(c:/Users/Administrator/AppData/Roaming/TinyTeX/texmf-dist/tex/latex/beamer/bea
merbaseframe.sty
\beamer@framebox=\box42
\beamer@frametitlebox=\box43
\beamer@zoombox=\box44
\beamer@zoomcount=\count140
\beamer@zoomframecount=\count141
\beamer@frametextheight=\dimen169
\c@subsectionslide=\count142
\beamer@frametopskip=\skip45
\beamer@framebottomskip=\skip46
\beamer@frametopskipautobreak=\skip47
\beamer@framebottomskipautobreak=\skip48
\beamer@envbody=\toks27
\framewidth=\dimen170
\c@framenumber=\count143
)
(c:/Users/Administrator/AppData/Roaming/TinyTeX/texmf-dist/tex/latex/beamer/bea
merbaseverbatim.sty
\beamer@verbatimfileout=\write4
)
(c:/Users/Administrator/AppData/Roaming/TinyTeX/texmf-dist/tex/latex/beamer/bea
merbaseframesize.sty
\beamer@splitbox=\box45
\beamer@autobreakcount=\count144
\beamer@autobreaklastheight=\dimen171
\beamer@frametitletoks=\toks28
\beamer@framesubtitletoks=\toks29
)
(c:/Users/Administrator/AppData/Roaming/TinyTeX/texmf-dist/tex/latex/beamer/bea
merbaseframecomponents.sty
\beamer@footins=\box46
)
(c:/Users/Administrator/AppData/Roaming/TinyTeX/texmf-dist/tex/latex/beamer/bea
merbasecolor.sty)
(c:/Users/Administrator/AppData/Roaming/TinyTeX/texmf-dist/tex/latex/beamer/bea
merbasenotes.sty
\beamer@frameboxcopy=\box47
)
(c:/Users/Administrator/AppData/Roaming/TinyTeX/texmf-dist/tex/latex/beamer/bea
merbasetoc.sty)
(c:/Users/Administrator/AppData/Roaming/TinyTeX/texmf-dist/tex/latex/beamer/bea
merbasetemplates.sty
\beamer@sbttoks=\toks30

(c:/Users/Administrator/AppData/Roaming/TinyTeX/texmf-dist/tex/latex/beamer/bea
merbaseauxtemplates.sty
(c:/Users/Administrator/AppData/Roaming/TinyTeX/texmf-dist/tex/latex/beamer/bea
merbaseboxes.sty
\bmb@box=\box48
\bmb@colorbox=\box49
\bmb@boxshadow=\box50
\bmb@boxshadowball=\box51
\bmb@boxshadowballlarge=\box52
\bmb@temp=\dimen172
\bmb@dima=\dimen173
\bmb@dimb=\dimen174
\bmb@prevheight=\dimen175
)
\beamer@blockheadheight=\dimen176
))
(c:/Users/Administrator/AppData/Roaming/TinyTeX/texmf-dist/tex/latex/beamer/bea
merbaselocalstructure.sty
(c:/Users/Administrator/AppData/Roaming/TinyTeX/texmf-dist/tex/latex/tools/enum
erate.sty
Package: enumerate 2015/07/23 v3.00 enumerate extensions (DPC)
\@enLab=\toks31
)
\c@figure=\count145
\c@table=\count146
\abovecaptionskip=\skip49
\belowcaptionskip=\skip50
)
(c:/Users/Administrator/AppData/Roaming/TinyTeX/texmf-dist/tex/latex/beamer/bea
merbasenavigation.sty
\beamer@section@min@dim=\dimen177
)
(c:/Users/Administrator/AppData/Roaming/TinyTeX/texmf-dist/tex/latex/beamer/bea
merbasetheorems.sty
(c:/Users/Administrator/AppData/Roaming/TinyTeX/texmf-dist/tex/latex/amsmath/am
smath.sty
Package: amsmath 2018/12/01 v2.17b AMS math features
\@mathmargin=\skip51
For additional information on amsmath, use the `?' option.

(c:/Users/Administrator/AppData/Roaming/TinyTeX/texmf-dist/tex/latex/amsmath/am
stext.sty
Package: amstext 2000/06/29 v2.01 AMS text

(c:/Users/Administrator/AppData/Roaming/TinyTeX/texmf-dist/tex/latex/amsmath/am
sgen.sty
File: amsgen.sty 1999/11/30 v2.0 generic functions
\@emptytoks=\toks32
\ex@=\dimen178
))
(c:/Users/Administrator/AppData/Roaming/TinyTeX/texmf-dist/tex/latex/amsmath/am
sbsy.sty
Package: amsbsy 1999/11/29 v1.2d Bold Symbols
\pmbraise@=\dimen179
)
(c:/Users/Administrator/AppData/Roaming/TinyTeX/texmf-dist/tex/latex/amsmath/am
sopn.sty
Package: amsopn 2016/03/08 v2.02 operator names
)
\inf@bad=\count147
LaTeX Info: Redefining \frac on input line 223.
\uproot@=\count148
\leftroot@=\count149
LaTeX Info: Redefining \overline on input line 385.
\classnum@=\count150
\DOTSCASE@=\count151
LaTeX Info: Redefining \ldots on input line 482.
LaTeX Info: Redefining \dots on input line 485.
LaTeX Info: Redefining \cdots on input line 606.
\Mathstrutbox@=\box53
\strutbox@=\box54
\big@size=\dimen180
LaTeX Font Info:    Redeclaring font encoding OML on input line 729.
LaTeX Font Info:    Redeclaring font encoding OMS on input line 730.
\macc@depth=\count152
\c@MaxMatrixCols=\count153
\dotsspace@=\muskip11
\c@parentequation=\count154
\dspbrk@lvl=\count155
\tag@help=\toks33
\row@=\count156
\column@=\count157
\maxfields@=\count158
\andhelp@=\toks34
\eqnshift@=\dimen181
\alignsep@=\dimen182
\tagshift@=\dimen183
\tagwidth@=\dimen184
\totwidth@=\dimen185
\lineht@=\dimen186
\@envbody=\toks35
\multlinegap=\skip52
\multlinetaggap=\skip53
\mathdisplay@stack=\toks36
LaTeX Info: Redefining \[ on input line 2844.
LaTeX Info: Redefining \] on input line 2845.
)
(c:/Users/Administrator/AppData/Roaming/TinyTeX/texmf-dist/tex/latex/amscls/ams
thm.sty
Package: amsthm 2017/10/31 v2.20.4
\thm@style=\toks37
\thm@bodyfont=\toks38
\thm@headfont=\toks39
\thm@notefont=\toks40
\thm@headpunct=\toks41
\thm@preskip=\skip54
\thm@postskip=\skip55
\thm@headsep=\skip56
\dth@everypar=\toks42
)
\c@theorem=\count159
)
(c:/Users/Administrator/AppData/Roaming/TinyTeX/texmf-dist/tex/latex/beamer/bea
merbasethemes.sty))
(c:/Users/Administrator/AppData/Roaming/TinyTeX/texmf-dist/tex/latex/beamer/bea
merthemedefault.sty
(c:/Users/Administrator/AppData/Roaming/TinyTeX/texmf-dist/tex/latex/beamer/bea
merfontthemedefault.sty)
(c:/Users/Administrator/AppData/Roaming/TinyTeX/texmf-dist/tex/latex/beamer/bea
mercolorthemedefault.sty)
(c:/Users/Administrator/AppData/Roaming/TinyTeX/texmf-dist/tex/latex/beamer/bea
merinnerthemedefault.sty
\beamer@dima=\dimen187
\beamer@dimb=\dimen188
)
(c:/Users/Administrator/AppData/Roaming/TinyTeX/texmf-dist/tex/latex/beamer/bea
merouterthemedefault.sty)))
(c:/Users/Administrator/AppData/Roaming/TinyTeX/texmf-dist/tex/latex/pgf/utilit
ies/pgfpages.sty
Package: pgfpages 2011/01/05 ver 0.02

(c:/Users/Administrator/AppData/Roaming/TinyTeX/texmf-dist/tex/latex/tools/calc
.sty
Package: calc 2017/05/25 v4.3 Infix arithmetic (KKT,FJ)
\calc@Acount=\count160
\calc@Bcount=\count161
\calc@Adimen=\dimen189
\calc@Bdimen=\dimen190
\calc@Askip=\skip57
\calc@Bskip=\skip58
LaTeX Info: Redefining \setlength on input line 80.
LaTeX Info: Redefining \addtolength on input line 81.
\calc@Ccount=\count162
\calc@Cskip=\skip59
)
\pgf@logicalpages=\count163
\pgf@firstshipout=\count164
\pgf@lastshipout=\count165
\pgf@currentshipout=\count166
\pgf@cpn=\count167
\pgf@shipoutnextto=\count168
\pgfphysicalheight=\dimen191
\pgfphysicalwidth=\dimen192
\pgfpages@shipoutbox=\box55
)
(c:/Users/Administrator/AppData/Roaming/TinyTeX/texmf-dist/tex/latex/lm/lmodern
.sty
Package: lmodern 2009/10/30 v1.6 Latin Modern Fonts
LaTeX Font Info:    Overwriting symbol font `operators' in version `normal'
(Font)                  OT1/cmr/m/n --> OT1/lmr/m/n on input line 22.
LaTeX Font Info:    Overwriting symbol font `letters' in version `normal'
(Font)                  OML/cmm/m/it --> OML/lmm/m/it on input line 23.
LaTeX Font Info:    Overwriting symbol font `symbols' in version `normal'
(Font)                  OMS/cmsy/m/n --> OMS/lmsy/m/n on input line 24.
LaTeX Font Info:    Overwriting symbol font `largesymbols' in version `normal'
(Font)                  OMX/cmex/m/n --> OMX/lmex/m/n on input line 25.
LaTeX Font Info:    Overwriting symbol font `operators' in version `bold'
(Font)                  OT1/cmr/bx/n --> OT1/lmr/bx/n on input line 26.
LaTeX Font Info:    Overwriting symbol font `letters' in version `bold'
(Font)                  OML/cmm/b/it --> OML/lmm/b/it on input line 27.
LaTeX Font Info:    Overwriting symbol font `symbols' in version `bold'
(Font)                  OMS/cmsy/b/n --> OMS/lmsy/b/n on input line 28.
LaTeX Font Info:    Overwriting symbol font `largesymbols' in version `bold'
(Font)                  OMX/cmex/m/n --> OMX/lmex/m/n on input line 29.
LaTeX Font Info:    Overwriting math alphabet `\mathbf' in version `normal'
(Font)                  OT1/cmr/bx/n --> OT1/lmr/bx/n on input line 31.
LaTeX Font Info:    Overwriting math alphabet `\mathsf' in version `normal'
(Font)                  OT1/cmss/m/n --> OT1/lmss/m/n on input line 32.
LaTeX Font Info:    Overwriting math alphabet `\mathit' in version `normal'
(Font)                  OT1/cmr/m/it --> OT1/lmr/m/it on input line 33.
LaTeX Font Info:    Overwriting math alphabet `\mathtt' in version `normal'
(Font)                  OT1/cmtt/m/n --> OT1/lmtt/m/n on input line 34.
LaTeX Font Info:    Overwriting math alphabet `\mathbf' in version `bold'
(Font)                  OT1/cmr/bx/n --> OT1/lmr/bx/n on input line 35.
LaTeX Font Info:    Overwriting math alphabet `\mathsf' in version `bold'
(Font)                  OT1/cmss/bx/n --> OT1/lmss/bx/n on input line 36.
LaTeX Font Info:    Overwriting math alphabet `\mathit' in version `bold'
(Font)                  OT1/cmr/bx/it --> OT1/lmr/bx/it on input line 37.
LaTeX Font Info:    Overwriting math alphabet `\mathtt' in version `bold'
(Font)                  OT1/cmtt/m/n --> OT1/lmtt/m/n on input line 38.
)
(c:/Users/Administrator/AppData/Roaming/TinyTeX/texmf-dist/tex/latex/unicode-ma
th/unicode-math.sty
(c:/Users/Administrator/AppData/Roaming/TinyTeX/texmf-dist/tex/latex/l3kernel/e
xpl3.sty
Package: expl3 2019-08-25 L3 programming layer (loader) 

(c:/Users/Administrator/AppData/Roaming/TinyTeX/texmf-dist/tex/latex/l3kernel/e
xpl3-code.tex
Package: expl3 2019-08-25 L3 programming layer (code)
\c_max_int=\count169
\l_tmpa_int=\count170
\l_tmpb_int=\count171
\g_tmpa_int=\count172
\g_tmpb_int=\count173
\g__kernel_prg_map_int=\count174
\c__ior_term_noprompt_ior=\count175
\c_log_iow=\count176
\l_iow_line_count_int=\count177
\l__iow_line_target_int=\count178
\l__iow_one_indent_int=\count179
\l__iow_indent_int=\count180
\c_zero_dim=\dimen193
\c_max_dim=\dimen194
\l_tmpa_dim=\dimen195
\l_tmpb_dim=\dimen196
\g_tmpa_dim=\dimen197
\g_tmpb_dim=\dimen198
\c_zero_skip=\skip60
\c_max_skip=\skip61
\l_tmpa_skip=\skip62
\l_tmpb_skip=\skip63
\g_tmpa_skip=\skip64
\g_tmpb_skip=\skip65
\c_zero_muskip=\muskip12
\c_max_muskip=\muskip13
\l_tmpa_muskip=\muskip14
\l_tmpb_muskip=\muskip15
\g_tmpa_muskip=\muskip16
\g_tmpb_muskip=\muskip17
\l_keys_choice_int=\count181
\l__intarray_loop_int=\count182
\c__intarray_sp_dim=\dimen199
\g__intarray_font_int=\count183
\c__fp_leading_shift_int=\count184
\c__fp_middle_shift_int=\count185
\c__fp_trailing_shift_int=\count186
\c__fp_big_leading_shift_int=\count187
\c__fp_big_middle_shift_int=\count188
\c__fp_big_trailing_shift_int=\count189
\c__fp_Bigg_leading_shift_int=\count190
\c__fp_Bigg_middle_shift_int=\count191
\c__fp_Bigg_trailing_shift_int=\count192
\g__fp_array_int=\count193
\l__fp_array_loop_int=\count194
\l__sort_length_int=\count195
\l__sort_min_int=\count196
\l__sort_top_int=\count197
\l__sort_max_int=\count198
\l__sort_true_max_int=\count199
\l__sort_block_int=\count266
\l__sort_begin_int=\count267
\l__sort_end_int=\count268
\l__sort_A_int=\count269
\l__sort_B_int=\count270
\l__sort_C_int=\count271
\l__str_internal_int=\count272
\l__tl_analysis_normal_int=\count273
\l__tl_analysis_index_int=\count274
\l__tl_analysis_nesting_int=\count275
\l__tl_analysis_type_int=\count276
\l__regex_internal_a_int=\count277
\l__regex_internal_b_int=\count278
\l__regex_internal_c_int=\count279
\l__regex_balance_int=\count280
\l__regex_group_level_int=\count281
\l__regex_mode_int=\count282
\c__regex_cs_in_class_mode_int=\count283
\c__regex_cs_mode_int=\count284
\l__regex_catcodes_int=\count285
\l__regex_default_catcodes_int=\count286
\c__regex_catcode_L_int=\count287
\c__regex_catcode_O_int=\count288
\c__regex_catcode_A_int=\count289
\c__regex_all_catcodes_int=\count290
\l__regex_show_lines_int=\count291
\l__regex_min_state_int=\count292
\l__regex_max_state_int=\count293
\l__regex_left_state_int=\count294
\l__regex_right_state_int=\count295
\l__regex_capturing_group_int=\count296
\l__regex_min_pos_int=\count297
\l__regex_max_pos_int=\count298
\l__regex_curr_pos_int=\count299
\l__regex_start_pos_int=\count300
\l__regex_success_pos_int=\count301
\l__regex_curr_char_int=\count302
\l__regex_curr_catcode_int=\count303
\l__regex_last_char_int=\count304
\l__regex_case_changed_char_int=\count305
\l__regex_curr_state_int=\count306
\l__regex_step_int=\count307
\l__regex_min_active_int=\count308
\l__regex_max_active_int=\count309
\l__regex_replacement_csnames_int=\count310
\l__regex_match_count_int=\count311
\l__regex_min_submatch_int=\count312
\l__regex_submatch_int=\count313
\l__regex_zeroth_submatch_int=\count314
\g__regex_trace_regex_int=\count315
\c_empty_box=\box56
\l_tmpa_box=\box57
\l_tmpb_box=\box58
\g_tmpa_box=\box59
\g_tmpb_box=\box60
\l__box_top_dim=\dimen256
\l__box_bottom_dim=\dimen257
\l__box_left_dim=\dimen258
\l__box_right_dim=\dimen259
\l__box_top_new_dim=\dimen260
\l__box_bottom_new_dim=\dimen261
\l__box_left_new_dim=\dimen262
\l__box_right_new_dim=\dimen263
\l__box_internal_box=\box61
\l__coffin_internal_box=\box62
\l__coffin_internal_dim=\dimen264
\l__coffin_offset_x_dim=\dimen265
\l__coffin_offset_y_dim=\dimen266
\l__coffin_x_dim=\dimen267
\l__coffin_y_dim=\dimen268
\l__coffin_x_prime_dim=\dimen269
\l__coffin_y_prime_dim=\dimen270
\c_empty_coffin=\box63
\l__coffin_aligned_coffin=\box64
\l__coffin_aligned_internal_coffin=\box65
\l_tmpa_coffin=\box66
\l_tmpb_coffin=\box67
\g_tmpa_coffin=\box68
\g_tmpb_coffin=\box69
\l__coffin_bounding_shift_dim=\dimen271
\l__coffin_left_corner_dim=\dimen272
\l__coffin_right_corner_dim=\dimen273
\l__coffin_bottom_corner_dim=\dimen274
\l__coffin_top_corner_dim=\dimen275
\l__coffin_scaled_total_height_dim=\dimen276
\l__coffin_scaled_width_dim=\dimen277
\c__coffin_empty_coffin=\box70
\l__coffin_display_coffin=\box71
\l__coffin_display_coord_coffin=\box72
\l__coffin_display_pole_coffin=\box73
\l__coffin_display_offset_dim=\dimen278
\l__coffin_display_x_dim=\dimen279
\l__coffin_display_y_dim=\dimen280
\g__file_internal_ior=\read2
\l__seq_internal_a_int=\count316
\l__seq_internal_b_int=\count317
)
(c:/Users/Administrator/AppData/Roaming/TinyTeX/texmf-dist/tex/latex/l3backend/
l3backend-xdvipdfmx.def
File: l3backend-xdvipdfmx.def 2019-04-06 v L3 Experimental backend support: xdv
ipdfmx
\g__graphics_track_int=\count318
\l__pdf_internal_box=\box74
\g__pdf_backend_object_int=\count319
\g__pdf_backend_annotation_int=\count320
))
Package: unicode-math 2019/03/04 v0.8o Unicode maths in XeLaTeX and LuaLaTeX

(c:/Users/Administrator/AppData/Roaming/TinyTeX/texmf-dist/tex/latex/unicode-ma
th/unicode-math-xetex.sty
Package: unicode-math-xetex 2019/03/04 v0.8o Unicode maths in XeLaTeX and LuaLa
TeX

(c:/Users/Administrator/AppData/Roaming/TinyTeX/texmf-dist/tex/latex/l3packages
/xparse/xparse.sty
Package: xparse 2019-05-28 L3 Experimental document command parser
\l__xparse_current_arg_int=\count321
\g__xparse_grabber_int=\count322
\l__xparse_m_args_int=\count323
\l__xparse_v_nesting_int=\count324
)
(c:/Users/Administrator/AppData/Roaming/TinyTeX/texmf-dist/tex/latex/l3packages
/l3keys2e/l3keys2e.sty
Package: l3keys2e 2019-05-28 LaTeX2e option processing using LaTeX3 keys
)
(c:/Users/Administrator/AppData/Roaming/TinyTeX/texmf-dist/tex/latex/fontspec/f
ontspec.sty
Package: fontspec 2019/03/15 v2.7c Font selection for XeLaTeX and LuaLaTeX

(c:/Users/Administrator/AppData/Roaming/TinyTeX/texmf-dist/tex/latex/fontspec/f
ontspec-xetex.sty
Package: fontspec-xetex 2019/03/15 v2.7c Font selection for XeLaTeX and LuaLaTe
X
\l__fontspec_script_int=\count325
\l__fontspec_language_int=\count326
\l__fontspec_strnum_int=\count327
\l__fontspec_tmp_int=\count328
\l__fontspec_tmpa_int=\count329
\l__fontspec_tmpb_int=\count330
\l__fontspec_tmpc_int=\count331
\l__fontspec_em_int=\count332
\l__fontspec_emdef_int=\count333
\l__fontspec_strong_int=\count334
\l__fontspec_strongdef_int=\count335
\l__fontspec_tmpa_dim=\dimen281
\l__fontspec_tmpb_dim=\dimen282
\l__fontspec_tmpc_dim=\dimen283

(c:/Users/Administrator/AppData/Roaming/TinyTeX/texmf-dist/tex/latex/base/fonte
nc.sty
Package: fontenc 2018/08/11 v2.0j Standard LaTeX package

(c:/Users/Administrator/AppData/Roaming/TinyTeX/texmf-dist/tex/latex/base/tuenc
.def
File: tuenc.def 2018/08/11 v2.0j Standard LaTeX file
LaTeX Font Info:    Redeclaring font encoding TU on input line 82.
))
(c:/Users/Administrator/AppData/Roaming/TinyTeX/texmf-dist/tex/latex/fontspec/f
ontspec.cfg)
LaTeX Info: Redefining \itshape on input line 4051.
LaTeX Info: Redefining \slshape on input line 4056.
LaTeX Info: Redefining \scshape on input line 4061.
LaTeX Info: Redefining \upshape on input line 4066.
LaTeX Info: Redefining \em on input line 4096.
LaTeX Info: Redefining \emph on input line 4121.
LaTeX Font Info:    Font shape `TU/lmss/m/it' in size <10.95> not available
(Font)              Font shape `TU/lmss/m/sl' tried instead on input line 4171.

))
(c:/Users/Administrator/AppData/Roaming/TinyTeX/texmf-dist/tex/latex/filehook/f
ilehook.sty
Package: filehook 2011/10/12 v0.5d Hooks for input files
)
(c:/Users/Administrator/AppData/Roaming/TinyTeX/texmf-dist/tex/latex/base/fix-c
m.sty
Package: fix-cm 2015/01/14 v1.1t fixes to LaTeX

(c:/Users/Administrator/AppData/Roaming/TinyTeX/texmf-dist/tex/latex/base/ts1en
c.def
File: ts1enc.def 2001/06/05 v3.0e (jk/car/fm) Standard LaTeX file
))
\g__um_fam_int=\count336
\g__um_fonts_used_int=\count337
\l__um_primecount_int=\count338
\g__um_primekern_muskip=\muskip18

(c:/Users/Administrator/AppData/Roaming/TinyTeX/texmf-dist/tex/latex/unicode-ma
th/unicode-math-table.tex)

Package unicode-math Info: I'm going to patch macro \subarray.


Package unicode-math Info: I'm going to patch macro \r@@t.

))
(c:/Users/Administrator/AppData/Roaming/TinyTeX/texmf-dist/tex/latex/beamer/bea
merthemeCambridgeUS.sty
(c:/Users/Administrator/AppData/Roaming/TinyTeX/texmf-dist/tex/latex/beamer/bea
merinnerthemerounded.sty)
(c:/Users/Administrator/AppData/Roaming/TinyTeX/texmf-dist/tex/latex/beamer/bea
merouterthemeinfolines.sty)
(c:/Users/Administrator/AppData/Roaming/TinyTeX/texmf-dist/tex/latex/beamer/bea
mercolorthemebeaver.sty))
(c:/Users/Administrator/AppData/Roaming/TinyTeX/texmf-dist/tex/latex/beamer/bea
mercolorthemedove.sty)
(c:/Users/Administrator/AppData/Roaming/TinyTeX/texmf-dist/tex/latex/beamer/bea
merfontthemeprofessionalfonts.sty)
(c:/Users/Administrator/AppData/Roaming/TinyTeX/texmf-dist/tex/latex/upquote/up
quote.sty
Package: upquote 2012/04/19 v1.3 upright-quote and grave-accent glyphs in verba
tim

(c:/Users/Administrator/AppData/Roaming/TinyTeX/texmf-dist/tex/latex/base/textc
omp.sty
Package: textcomp 2018/08/11 v2.0j Standard LaTeX package
Package textcomp Info: Sub-encoding information:
(textcomp)               5 = only ISO-Adobe without \textcurrency
(textcomp)               4 = 5 + \texteuro
(textcomp)               3 = 4 + \textohm
(textcomp)               2 = 3 + \textestimated + \textcurrency
(textcomp)               1 = TS1 - \textcircled - \t
(textcomp)               0 = TS1 (full)
(textcomp)             Font families with sub-encoding setting implement
(textcomp)             only a restricted character set as indicated.
(textcomp)             Family '?' is the default used for unknown fonts.
(textcomp)             See the documentation for details.
Package textcomp Info: Setting ? sub-encoding to TS1/1 on input line 79.

(c:/Users/Administrator/AppData/Roaming/TinyTeX/texmf-dist/tex/latex/base/ts1en
c.def
File: ts1enc.def 2001/06/05 v3.0e (jk/car/fm) Standard LaTeX file
LaTeX Font Info:    Redeclaring font encoding TS1 on input line 47.
)
LaTeX Info: Redefining \oldstylenums on input line 334.
Package textcomp Info: Setting cmr sub-encoding to TS1/0 on input line 349.
Package textcomp Info: Setting cmss sub-encoding to TS1/0 on input line 350.
Package textcomp Info: Setting cmtt sub-encoding to TS1/0 on input line 351.
Package textcomp Info: Setting cmvtt sub-encoding to TS1/0 on input line 352.
Package textcomp Info: Setting cmbr sub-encoding to TS1/0 on input line 353.
Package textcomp Info: Setting cmtl sub-encoding to TS1/0 on input line 354.
Package textcomp Info: Setting ccr sub-encoding to TS1/0 on input line 355.
Package textcomp Info: Setting ptm sub-encoding to TS1/4 on input line 356.
Package textcomp Info: Setting pcr sub-encoding to TS1/4 on input line 357.
Package textcomp Info: Setting phv sub-encoding to TS1/4 on input line 358.
Package textcomp Info: Setting ppl sub-encoding to TS1/3 on input line 359.
Package textcomp Info: Setting pag sub-encoding to TS1/4 on input line 360.
Package textcomp Info: Setting pbk sub-encoding to TS1/4 on input line 361.
Package textcomp Info: Setting pnc sub-encoding to TS1/4 on input line 362.
Package textcomp Info: Setting pzc sub-encoding to TS1/4 on input line 363.
Package textcomp Info: Setting bch sub-encoding to TS1/4 on input line 364.
Package textcomp Info: Setting put sub-encoding to TS1/5 on input line 365.
Package textcomp Info: Setting uag sub-encoding to TS1/5 on input line 366.
Package textcomp Info: Setting ugq sub-encoding to TS1/5 on input line 367.
Package textcomp Info: Setting ul8 sub-encoding to TS1/4 on input line 368.
Package textcomp Info: Setting ul9 sub-encoding to TS1/4 on input line 369.
Package textcomp Info: Setting augie sub-encoding to TS1/5 on input line 370.
Package textcomp Info: Setting dayrom sub-encoding to TS1/3 on input line 371.
Package textcomp Info: Setting dayroms sub-encoding to TS1/3 on input line 372.

Package textcomp Info: Setting pxr sub-encoding to TS1/0 on input line 373.
Package textcomp Info: Setting pxss sub-encoding to TS1/0 on input line 374.
Package textcomp Info: Setting pxtt sub-encoding to TS1/0 on input line 375.
Package textcomp Info: Setting txr sub-encoding to TS1/0 on input line 376.
Package textcomp Info: Setting txss sub-encoding to TS1/0 on input line 377.
Package textcomp Info: Setting txtt sub-encoding to TS1/0 on input line 378.
Package textcomp Info: Setting lmr sub-encoding to TS1/0 on input line 379.
Package textcomp Info: Setting lmdh sub-encoding to TS1/0 on input line 380.
Package textcomp Info: Setting lmss sub-encoding to TS1/0 on input line 381.
Package textcomp Info: Setting lmssq sub-encoding to TS1/0 on input line 382.
Package textcomp Info: Setting lmvtt sub-encoding to TS1/0 on input line 383.
Package textcomp Info: Setting lmtt sub-encoding to TS1/0 on input line 384.
Package textcomp Info: Setting qhv sub-encoding to TS1/0 on input line 385.
Package textcomp Info: Setting qag sub-encoding to TS1/0 on input line 386.
Package textcomp Info: Setting qbk sub-encoding to TS1/0 on input line 387.
Package textcomp Info: Setting qcr sub-encoding to TS1/0 on input line 388.
Package textcomp Info: Setting qcs sub-encoding to TS1/0 on input line 389.
Package textcomp Info: Setting qpl sub-encoding to TS1/0 on input line 390.
Package textcomp Info: Setting qtm sub-encoding to TS1/0 on input line 391.
Package textcomp Info: Setting qzc sub-encoding to TS1/0 on input line 392.
Package textcomp Info: Setting qhvc sub-encoding to TS1/0 on input line 393.
Package textcomp Info: Setting futs sub-encoding to TS1/4 on input line 394.
Package textcomp Info: Setting futx sub-encoding to TS1/4 on input line 395.
Package textcomp Info: Setting futj sub-encoding to TS1/4 on input line 396.
Package textcomp Info: Setting hlh sub-encoding to TS1/3 on input line 397.
Package textcomp Info: Setting hls sub-encoding to TS1/3 on input line 398.
Package textcomp Info: Setting hlst sub-encoding to TS1/3 on input line 399.
Package textcomp Info: Setting hlct sub-encoding to TS1/5 on input line 400.
Package textcomp Info: Setting hlx sub-encoding to TS1/5 on input line 401.
Package textcomp Info: Setting hlce sub-encoding to TS1/5 on input line 402.
Package textcomp Info: Setting hlcn sub-encoding to TS1/5 on input line 403.
Package textcomp Info: Setting hlcw sub-encoding to TS1/5 on input line 404.
Package textcomp Info: Setting hlcf sub-encoding to TS1/5 on input line 405.
Package textcomp Info: Setting pplx sub-encoding to TS1/3 on input line 406.
Package textcomp Info: Setting pplj sub-encoding to TS1/3 on input line 407.
Package textcomp Info: Setting ptmx sub-encoding to TS1/4 on input line 408.
Package textcomp Info: Setting ptmj sub-encoding to TS1/4 on input line 409.
))
(c:/Users/Administrator/AppData/Roaming/TinyTeX/texmf-dist/tex/latex/oberdiek/b
ookmark.sty
Package: bookmark 2019/06/04 v1.27 PDF bookmarks (HO)

(c:/Users/Administrator/AppData/Roaming/TinyTeX/texmf-dist/tex/latex/oberdiek/b
km-dvipdfm.def
File: bkm-dvipdfm.def 2019/06/04 v1.27 bookmark driver for dvipdfm (HO)
\BKM@id=\count339
))
Package hyperref Info: Option `breaklinks' set `true' on input line 83.

(c:/Users/Administrator/AppData/Roaming/TinyTeX/texmf-dist/tex/latex/oberdiek/g
rffile.sty
Package: grffile 2017/06/30 v1.18 Extended file name support for graphics (HO)
Package grffile Info: Option `multidot' is set to `true'.
Package grffile Info: Option `extendedchars' is set to `false'.
Package grffile Info: Option `space' is set to `true'.
Package grffile Info: \Gin@ii of package `graphicx' fixed on input line 494.
)
(c:/Users/Administrator/AppData/Roaming/TinyTeX/texmf-dist/tex/latex/tikzpageno
des/tikzpagenodes.sty
Package: tikzpagenodes 2012/09/16 v1.1 Special PGF/TikZ nodes for areas of the 
page

(c:/Users/Administrator/AppData/Roaming/TinyTeX/texmf-dist/tex/latex/pgf/fronte
ndlayer/tikz.sty
(c:/Users/Administrator/AppData/Roaming/TinyTeX/texmf-dist/tex/latex/pgf/basicl
ayer/pgf.sty
Package: pgf 2019/08/03 v3.1.4b (3.1.4b)

(c:/Users/Administrator/AppData/Roaming/TinyTeX/texmf-dist/tex/generic/pgf/modu
les/pgfmoduleshapes.code.tex
File: pgfmoduleshapes.code.tex 2019/08/03 v3.1.4b (3.1.4b)
\pgfnodeparttextbox=\box75
)
(c:/Users/Administrator/AppData/Roaming/TinyTeX/texmf-dist/tex/generic/pgf/modu
les/pgfmoduleplot.code.tex
File: pgfmoduleplot.code.tex 2019/08/03 v3.1.4b (3.1.4b)
)
(c:/Users/Administrator/AppData/Roaming/TinyTeX/texmf-dist/tex/latex/pgf/compat
ibility/pgfcomp-version-0-65.sty
Package: pgfcomp-version-0-65 2019/08/03 v3.1.4b (3.1.4b)
\pgf@nodesepstart=\dimen284
\pgf@nodesepend=\dimen285
)
(c:/Users/Administrator/AppData/Roaming/TinyTeX/texmf-dist/tex/latex/pgf/compat
ibility/pgfcomp-version-1-18.sty
Package: pgfcomp-version-1-18 2019/08/03 v3.1.4b (3.1.4b)
))
(c:/Users/Administrator/AppData/Roaming/TinyTeX/texmf-dist/tex/latex/pgf/utilit
ies/pgffor.sty
(c:/Users/Administrator/AppData/Roaming/TinyTeX/texmf-dist/tex/latex/pgf/utilit
ies/pgfkeys.sty
(c:/Users/Administrator/AppData/Roaming/TinyTeX/texmf-dist/tex/generic/pgf/util
ities/pgfkeys.code.tex))
(c:/Users/Administrator/AppData/Roaming/TinyTeX/texmf-dist/tex/latex/pgf/math/p
gfmath.sty
(c:/Users/Administrator/AppData/Roaming/TinyTeX/texmf-dist/tex/generic/pgf/math
/pgfmath.code.tex))
(c:/Users/Administrator/AppData/Roaming/TinyTeX/texmf-dist/tex/generic/pgf/util
ities/pgffor.code.tex
Package: pgffor 2019/08/03 v3.1.4b (3.1.4b)

(c:/Users/Administrator/AppData/Roaming/TinyTeX/texmf-dist/tex/generic/pgf/math
/pgfmath.code.tex)
\pgffor@iter=\dimen286
\pgffor@skip=\dimen287
\pgffor@stack=\toks43
\pgffor@toks=\toks44
))
(c:/Users/Administrator/AppData/Roaming/TinyTeX/texmf-dist/tex/generic/pgf/fron
tendlayer/tikz/tikz.code.tex
Package: tikz 2019/08/03 v3.1.4b (3.1.4b)

(c:/Users/Administrator/AppData/Roaming/TinyTeX/texmf-dist/tex/generic/pgf/libr
aries/pgflibraryplothandlers.code.tex
File: pgflibraryplothandlers.code.tex 2019/08/03 v3.1.4b (3.1.4b)
\pgf@plot@mark@count=\count340
\pgfplotmarksize=\dimen288
)
\tikz@lastx=\dimen289
\tikz@lasty=\dimen290
\tikz@lastxsaved=\dimen291
\tikz@lastysaved=\dimen292
\tikz@lastmovetox=\dimen293
\tikz@lastmovetoy=\dimen294
\tikzleveldistance=\dimen295
\tikzsiblingdistance=\dimen296
\tikz@figbox=\box76
\tikz@figbox@bg=\box77
\tikz@tempbox=\box78
\tikz@tempbox@bg=\box79
\tikztreelevel=\count341
\tikznumberofchildren=\count342
\tikznumberofcurrentchild=\count343
\tikz@fig@count=\count344

(c:/Users/Administrator/AppData/Roaming/TinyTeX/texmf-dist/tex/generic/pgf/modu
les/pgfmodulematrix.code.tex
File: pgfmodulematrix.code.tex 2019/08/03 v3.1.4b (3.1.4b)
\pgfmatrixcurrentrow=\count345
\pgfmatrixcurrentcolumn=\count346
\pgf@matrix@numberofcolumns=\count347
)
\tikz@expandcount=\count348

(c:/Users/Administrator/AppData/Roaming/TinyTeX/texmf-dist/tex/generic/pgf/fron
tendlayer/tikz/libraries/tikzlibrarytopaths.code.tex
File: tikzlibrarytopaths.code.tex 2019/08/03 v3.1.4b (3.1.4b)
)))
(c:/Users/Administrator/AppData/Roaming/TinyTeX/texmf-dist/tex/latex/ifoddpage/
ifoddpage.sty
Package: ifoddpage 2016/04/23 v1.1 Conditionals for odd/even page detection
\c@checkoddpage=\count349
))
(c:/Users/Administrator/AppData/Roaming/TinyTeX/texmf-dist/tex/generic/pgf/fron
tendlayer/tikz/libraries/tikzlibrarycalc.code.tex
File: tikzlibrarycalc.code.tex 2019/08/03 v3.1.4b (3.1.4b)
)
(c:/Users/Administrator/AppData/Roaming/TinyTeX/texmf-dist/tex/latex/caption/ca
ption.sty
Package: caption 2019/09/01 v3.3d Customizing captions (AR)

(c:/Users/Administrator/AppData/Roaming/TinyTeX/texmf-dist/tex/latex/caption/ca
ption3.sty
Package: caption3 2019/09/01 v1.8d caption3 kernel (AR)
Package caption3 Info: TeX engine: e-TeX on input line 64.
\captionmargin=\dimen297
\captionmargin@=\dimen298
\captionwidth=\dimen299
\caption@tempdima=\dimen300
\caption@indent=\dimen301
\caption@parindent=\dimen302
\caption@hangindent=\dimen303
)
\c@caption@flags=\count350
\c@ContinuedFloat=\count351
Package caption Info: beamer document class.
Package caption Info: hyperref package is loaded.
Package caption Info: Hyperref support is turned off
(caption)             because hyperref has stopped early.
)
(c:/Users/Administrator/AppData/Roaming/TinyTeX/texmf-dist/tex/latex/booktabs/b
ooktabs.sty
Package: booktabs 2016/04/27 v1.618033 publication quality tables
\heavyrulewidth=\dimen304
\lightrulewidth=\dimen305
\cmidrulewidth=\dimen306
\belowrulesep=\dimen307
\belowbottomsep=\dimen308
\aboverulesep=\dimen309
\abovetopsep=\dimen310
\cmidrulesep=\dimen311
\cmidrulekern=\dimen312
\defaultaddspace=\dimen313
\@cmidla=\count352
\@cmidlb=\count353
\@aboverulesep=\dimen314
\@belowrulesep=\dimen315
\@thisruleclass=\count354
\@lastruleclass=\count355
\@thisrulewidth=\dimen316
)
(c:/Users/Administrator/AppData/Roaming/TinyTeX/texmf-dist/tex/latex/tools/long
table.sty
Package: longtable 2014/10/28 v4.11 Multi-page Table package (DPC)+ FMi change
\LTleft=\skip66
\LTright=\skip67
\LTpre=\skip68
\LTpost=\skip69
\LTchunksize=\count356
\LTcapwidth=\dimen317
\LT@head=\box80
\LT@firsthead=\box81
\LT@foot=\box82
\LT@lastfoot=\box83
\LT@cols=\count357
\LT@rows=\count358
\c@LT@tables=\count359
\c@LT@chunks=\count360
\LT@p@ftn=\toks45
)
(c:/Users/Administrator/AppData/Roaming/TinyTeX/texmf-dist/tex/latex/tools/arra
y.sty
Package: array 2018/12/30 v2.4k Tabular extension package (FMi)
\col@sep=\dimen318
\ar@mcellbox=\box84
\extrarowheight=\dimen319
\NC@list=\toks46
\extratabsurround=\skip70
\backup@length=\skip71
\ar@cellbox=\box85
)
(c:/Users/Administrator/AppData/Roaming/TinyTeX/texmf-dist/tex/latex/multirow/m
ultirow.sty
Package: multirow 2019/01/01 v2.4 Span multiple rows of a table
\multirow@colwidth=\skip72
\multirow@cntb=\count361
\multirow@dima=\skip73
\bigstrutjot=\dimen320
)
(c:/Users/Administrator/AppData/Roaming/TinyTeX/texmf-dist/tex/latex/tools/mult
icol.sty
Package: multicol 2018/12/27 v1.8v multicolumn formatting (FMi)
\c@tracingmulticols=\count362
\mult@box=\box86
\multicol@leftmargin=\dimen321
\c@unbalance=\count363
\c@collectmore=\count364
\doublecol@number=\count365
\multicoltolerance=\count366
\multicolpretolerance=\count367
\full@width=\dimen322
\page@free=\dimen323
\premulticols=\dimen324
\postmulticols=\dimen325
\multicolsep=\skip74
\multicolbaselineskip=\skip75
\partial@page=\box87
\last@line=\box88
\maxbalancingoverflow=\dimen326
\mult@rightbox=\box89
\mult@grightbox=\box90
\mult@gfirstbox=\box91
\mult@firstbox=\box92
\@tempa=\box93
\@tempa=\box94
\@tempa=\box95
\@tempa=\box96
\@tempa=\box97
\@tempa=\box98
\@tempa=\box99
\@tempa=\box100
\@tempa=\box101
\@tempa=\box102
\@tempa=\box103
\@tempa=\box104
\@tempa=\box105
\@tempa=\box106
\@tempa=\box107
\@tempa=\box108
\@tempa=\box109
\c@columnbadness=\count368
\c@finalcolumnbadness=\count369
\last@try=\dimen327
\multicolovershoot=\dimen328
\multicolundershoot=\dimen329
\mult@nat@firstbox=\box110
\colbreak@box=\box111
\mc@col@check@num=\count370
)
(c:/Users/Administrator/AppData/Roaming/TinyTeX/texmf-dist/tex/latex/wrapfig/wr
apfig.sty
\wrapoverhang=\dimen330
\WF@size=\dimen331
\c@WF@wrappedlines=\count371
\WF@box=\box112
\WF@everypar=\toks47
Package: wrapfig 2003/01/31  v 3.6
)
(c:/Users/Administrator/AppData/Roaming/TinyTeX/texmf-dist/tex/latex/float/floa
t.sty
Package: float 2001/11/08 v1.3d Float enhancements (AL)
\c@float@type=\count372
\float@exts=\toks48
\float@box=\box113
\@float@everytoks=\toks49
\@floatcapt=\box114
)
(c:/Users/Administrator/AppData/Roaming/TinyTeX/texmf-dist/tex/latex/colortbl/c
olortbl.sty
Package: colortbl 2018/12/12 v1.0d Color table columns (DPC)
\everycr=\toks50
\minrowclearance=\skip76
)
(c:/Users/Administrator/AppData/Roaming/TinyTeX/texmf-dist/tex/latex/oberdiek/p
dflscape.sty
Package: pdflscape 2016/05/14 v0.11 Display of landscape pages in PDF (HO)

(c:/Users/Administrator/AppData/Roaming/TinyTeX/texmf-dist/tex/latex/graphics/l
scape.sty
Package: lscape 2000/10/22 v3.01 Landscape Pages (DPC)
)
Package pdflscape Info: Auto-detected driver: dvipdfm (xetex) on input line 99.

)
(c:/Users/Administrator/AppData/Roaming/TinyTeX/texmf-dist/tex/latex/tabu/tabu.
sty
Package: tabu 2019/01/11 v2.9 - flexible LaTeX tabulars (FC+tabu-fixed)

(c:/Users/Administrator/AppData/Roaming/TinyTeX/texmf-dist/tex/latex/varwidth/v
arwidth.sty
Package: varwidth 2009/03/30 ver 0.92;  Variable-width minipages
\@vwid@box=\box115
\sift@deathcycles=\count373
\@vwid@loff=\dimen332
\@vwid@roff=\dimen333
)
\c@taburow=\count374
\tabu@nbcols=\count375
\tabu@cnt=\count376
\tabu@Xcol=\count377
\tabu@alloc=\count378
\tabu@nested=\count379
\tabu@target=\dimen334
\tabu@spreadtarget=\dimen335
\tabu@naturalX=\dimen336
\tabucolX=\dimen337
\tabu@Xsum=\dimen338
\extrarowdepth=\dimen339
\abovetabulinesep=\dimen340
\belowtabulinesep=\dimen341
\tabustrutrule=\dimen342
\tabu@thebody=\toks51
\tabu@footnotes=\toks52
\tabu@box=\box116
\tabu@arstrutbox=\box117
\tabu@hleads=\box118
\tabu@vleads=\box119
\tabu@cellskip=\skip77
)
(c:/Users/Administrator/AppData/Roaming/TinyTeX/texmf-dist/tex/latex/threepartt
able/threeparttable.sty
Package: threeparttable 2003/06/13  v 3.0
\@tempboxb=\box120
) (./ACMG.aux)
\openout1 = `ACMG.aux'.

LaTeX Font Info:    Checking defaults for OML/cmm/m/it on input line 125.
LaTeX Font Info:    ... okay on input line 125.
LaTeX Font Info:    Checking defaults for T1/cmr/m/n on input line 125.
LaTeX Font Info:    ... okay on input line 125.
LaTeX Font Info:    Checking defaults for OT1/cmr/m/n on input line 125.
LaTeX Font Info:    ... okay on input line 125.
LaTeX Font Info:    Checking defaults for OMS/cmsy/m/n on input line 125.
LaTeX Font Info:    ... okay on input line 125.
LaTeX Font Info:    Checking defaults for TU/lmr/m/n on input line 125.
LaTeX Font Info:    ... okay on input line 125.
LaTeX Font Info:    Checking defaults for OMX/cmex/m/n on input line 125.
LaTeX Font Info:    ... okay on input line 125.
LaTeX Font Info:    Checking defaults for U/cmr/m/n on input line 125.
LaTeX Font Info:    ... okay on input line 125.
LaTeX Font Info:    Checking defaults for PD1/pdf/m/n on input line 125.
LaTeX Font Info:    ... okay on input line 125.
LaTeX Font Info:    Checking defaults for PU/pdf/m/n on input line 125.
LaTeX Font Info:    ... okay on input line 125.
LaTeX Font Info:    Checking defaults for TS1/cmr/m/n on input line 125.
LaTeX Font Info:    ... okay on input line 125.
*geometry* driver: auto-detecting
*geometry* detected driver: xetex
*geometry* verbose mode - [ preamble ] result:
* driver: xetex
* paper: custom
* layout: <same size as paper>
* layoutoffset:(h,v)=(0.0pt,0.0pt)
* modes: includehead includefoot 
* h-part:(L,W,R)=(10.95pt, 342.29536pt, 10.95pt)
* v-part:(T,H,B)=(0.0pt, 273.14662pt, 0.0pt)
* \paperwidth=364.19536pt
* \paperheight=273.14662pt
* \textwidth=342.29536pt
* \textheight=244.6939pt
* \oddsidemargin=-61.31999pt
* \evensidemargin=-61.31999pt
* \topmargin=-72.26999pt
* \headheight=14.22636pt
* \headsep=0.0pt
* \topskip=11.0pt
* \footskip=14.22636pt
* \marginparwidth=4.0pt
* \marginparsep=10.0pt
* \columnsep=10.0pt
* \skip\footins=10.0pt plus 4.0pt minus 2.0pt
* \hoffset=0.0pt
* \voffset=0.0pt
* \mag=1000
* \@twocolumnfalse
* \@twosidefalse
* \@mparswitchfalse
* \@reversemarginfalse
* (1in=72.27pt=25.4mm, 1cm=28.453pt)

ABD: EveryShipout initializing macros
\AtBeginShipoutBox=\box121
Package hyperref Info: Link coloring OFF on input line 125.

(c:/Users/Administrator/AppData/Roaming/TinyTeX/texmf-dist/tex/latex/hyperref/n
ameref.sty
Package: nameref 2016/05/21 v2.44 Cross-referencing by name of section

(c:/Users/Administrator/AppData/Roaming/TinyTeX/texmf-dist/tex/generic/oberdiek
/gettitlestring.sty
Package: gettitlestring 2016/05/16 v1.5 Cleanup title references (HO)
)
\c@section@level=\count380
)
LaTeX Info: Redefining \ref on input line 125.
LaTeX Info: Redefining \pageref on input line 125.
LaTeX Info: Redefining \nameref on input line 125.

(c:/Users/Administrator/AppData/Roaming/TinyTeX/texmf-dist/tex/latex/translator
/translator-basic-dictionary-English.dict
Dictionary: translator-basic-dictionary, Language: English 
)
(c:/Users/Administrator/AppData/Roaming/TinyTeX/texmf-dist/tex/latex/translator
/translator-bibliography-dictionary-English.dict
Dictionary: translator-bibliography-dictionary, Language: English 
)
(c:/Users/Administrator/AppData/Roaming/TinyTeX/texmf-dist/tex/latex/translator
/translator-environment-dictionary-English.dict
Dictionary: translator-environment-dictionary, Language: English 
)
(c:/Users/Administrator/AppData/Roaming/TinyTeX/texmf-dist/tex/latex/translator
/translator-months-dictionary-English.dict
Dictionary: translator-months-dictionary, Language: English 
)
(c:/Users/Administrator/AppData/Roaming/TinyTeX/texmf-dist/tex/latex/translator
/translator-numbers-dictionary-English.dict
Dictionary: translator-numbers-dictionary, Language: English 
)
(c:/Users/Administrator/AppData/Roaming/TinyTeX/texmf-dist/tex/latex/translator
/translator-theorem-dictionary-English.dict
Dictionary: translator-theorem-dictionary, Language: English 
)
LaTeX Font Info:    Overwriting math alphabet `\mathrm' in version `normal'
(Font)                  OT1/lmr/m/n --> TU/lmr/m/n on input line 125.
LaTeX Font Info:    Overwriting math alphabet `\mathit' in version `normal'
(Font)                  OT1/lmr/m/it --> TU/lmr/m/it on input line 125.
LaTeX Font Info:    Overwriting math alphabet `\mathbf' in version `normal'
(Font)                  OT1/lmr/bx/n --> TU/lmr/bx/n on input line 125.
LaTeX Font Info:    Overwriting math alphabet `\mathsf' in version `normal'
(Font)                  OT1/lmss/m/n --> TU/lmss/m/n on input line 125.
LaTeX Font Info:    Overwriting math alphabet `\mathsf' in version `bold'
(Font)                  OT1/lmss/bx/n --> TU/lmss/bx/n on input line 125.
LaTeX Font Info:    Overwriting math alphabet `\mathtt' in version `normal'
(Font)                  OT1/lmtt/m/n --> TU/lmtt/m/n on input line 125.
LaTeX Font Info:    Overwriting math alphabet `\mathtt' in version `bold'
(Font)                  OT1/lmtt/m/n --> TU/lmtt/bx/n on input line 125.

Package fontspec Info: latinmodern-math scale = 1.


Package fontspec Info: latinmodern-math scale = 1.


Package fontspec Info: latinmodern-math scale = 1.


Package fontspec Info: Font family 'latinmodern-math.otf(0)' created for font
(fontspec)             'latinmodern-math.otf' with options
(fontspec)             [Scale=MatchLowercase,BoldItalicFont={},ItalicFont={},Sm
allCapsFont={},Script=Math,BoldFont={latinmodern-math.otf}].
(fontspec)              
(fontspec)              This font family consists of the following NFSS
(fontspec)             series/shapes:
(fontspec)              
(fontspec)             - 'normal' (m/n) with NFSS spec.:
(fontspec)             <->s*[1]"[latinmodern-math.otf]/OT:script=math;language=
DFLT;"
(fontspec)             - 'small caps'  (m/sc) with NFSS spec.: 
(fontspec)             - 'bold' (bx/n) with NFSS spec.:
(fontspec)             <->s*[1]"[latinmodern-math.otf]/OT:script=math;language=
DFLT;"
(fontspec)             - 'bold small caps'  (bx/sc) with NFSS spec.: 

LaTeX Font Info:    Font shape `TU/latinmodern-math.otf(0)/m/n' will be
(Font)              scaled to size 10.95pt on input line 125.

Package fontspec Info: latinmodern-math scale = 1.


Package fontspec Info: latinmodern-math scale = 1.


Package fontspec Info: latinmodern-math scale = 1.


Package fontspec Info: latinmodern-math scale = 1.


Package fontspec Info: latinmodern-math scale = 1.


Package fontspec Info: Font family 'latinmodern-math.otf(1)' created for font
(fontspec)             'latinmodern-math.otf' with options
(fontspec)             [Scale=MatchLowercase,BoldItalicFont={},ItalicFont={},Sm
allCapsFont={},Script=Math,SizeFeatures={{Size=9.3075-},{Size=6.57-9.3075,Font=
latinmodern-math.otf,Style=MathScript},{Size=-6.57,Font=latinmodern-math.otf,St
yle=MathScriptScript}},BoldFont={latinmodern-math.otf}].
(fontspec)              
(fontspec)              This font family consists of the following NFSS
(fontspec)             series/shapes:
(fontspec)              
(fontspec)             - 'normal' (m/n) with NFSS spec.:
(fontspec)             <9.3075->s*[1]"[latinmodern-math.otf]/OT:script=math;lan
guage=DFLT;"<6.57-9.3075>s*[1]"[latinmodern-math.otf]/OT:script=math;language=D
FLT;+ssty=0;"<-6.57>s*[1]"[latinmodern-math.otf]/OT:script=math;language=DFLT;+
ssty=1;"
(fontspec)             - 'small caps'  (m/sc) with NFSS spec.: 
(fontspec)             - 'bold' (bx/n) with NFSS spec.:
(fontspec)             <->s*[1]"[latinmodern-math.otf]/OT:script=math;language=
DFLT;"
(fontspec)             - 'bold small caps'  (bx/sc) with NFSS spec.: 

LaTeX Font Info:    Font shape `TU/latinmodern-math.otf(1)/m/n' will be
(Font)              scaled to size 10.95pt on input line 125.
LaTeX Font Info:    Encoding `OT1' has changed to `TU' for symbol font
(Font)              `operators' in the math version `normal' on input line 125.

LaTeX Font Info:    Overwriting symbol font `operators' in version `normal'
(Font)                  OT1/lmr/m/n --> TU/latinmodern-math.otf(1)/m/n on input
 line 125.
LaTeX Font Info:    Encoding `OT1' has changed to `TU' for symbol font
(Font)              `operators' in the math version `bold' on input line 125.
LaTeX Font Info:    Overwriting symbol font `operators' in version `bold'
(Font)                  OT1/lmr/bx/n --> TU/latinmodern-math.otf(1)/bx/n on inp
ut line 125.

Package fontspec Info: latinmodern-math scale = 1.


Package fontspec Info: latinmodern-math scale = 1.0001.


Package fontspec Info: latinmodern-math scale = 1.


Package fontspec Info: latinmodern-math scale = 1.0001.


Package fontspec Info: latinmodern-math scale = 1.


Package fontspec Info: latinmodern-math scale = 1.0001.


Package fontspec Info: latinmodern-math scale = 1.


Package fontspec Info: latinmodern-math scale = 1.0001.


Package fontspec Info: latinmodern-math scale = 1.


Package fontspec Info: latinmodern-math scale = 1.0001.


Package fontspec Info: Font family 'latinmodern-math.otf(2)' created for font
(fontspec)             'latinmodern-math.otf' with options
(fontspec)             [Scale=MatchLowercase,BoldItalicFont={},ItalicFont={},Sm
allCapsFont={},Script=Math,SizeFeatures={{Size=9.3075-},{Size=6.57-9.3075,Font=
latinmodern-math.otf,Style=MathScript},{Size=-6.57,Font=latinmodern-math.otf,St
yle=MathScriptScript}},BoldFont={latinmodern-math.otf},ScaleAgain=1.0001,FontAd
justment={\fontdimen
(fontspec)             8\font =7.41315pt\relax \fontdimen 9\font
(fontspec)             =4.3143pt\relax \fontdimen 10\font =4.8618pt\relax
(fontspec)             \fontdimen 11\font =7.5117pt\relax \fontdimen 12\font
(fontspec)             =3.77776pt\relax \fontdimen 13\font =3.97485pt\relax
(fontspec)             \fontdimen 14\font =3.97485pt\relax \fontdimen 15\font
(fontspec)             =3.16455pt\relax \fontdimen 16\font =2.70465pt\relax
(fontspec)             \fontdimen 17\font =2.70465pt\relax \fontdimen 18\font
(fontspec)             =2.7375pt\relax \fontdimen 19\font =2.19pt\relax
(fontspec)             \fontdimen 22\font =2.7375pt\relax \fontdimen 20\font
(fontspec)             =0pt\relax \fontdimen 21\font =0pt\relax }].
(fontspec)              
(fontspec)              This font family consists of the following NFSS
(fontspec)             series/shapes:
(fontspec)              
(fontspec)             - 'normal' (m/n) with NFSS spec.:
(fontspec)             <9.3075->s*[1.0001]"[latinmodern-math.otf]/OT:script=mat
h;language=DFLT;"<6.57-9.3075>s*[1.0001]"[latinmodern-math.otf]/OT:script=math;
language=DFLT;+ssty=0;"<-6.57>s*[1.0001]"[latinmodern-math.otf]/OT:script=math;
language=DFLT;+ssty=1;"
(fontspec)             - 'small caps'  (m/sc) with NFSS spec.: 
(fontspec)             and font adjustment code:
(fontspec)             \fontdimen 8\font =7.41315pt\relax \fontdimen 9\font
(fontspec)             =4.3143pt\relax \fontdimen 10\font =4.8618pt\relax
(fontspec)             \fontdimen 11\font =7.5117pt\relax \fontdimen 12\font
(fontspec)             =3.77776pt\relax \fontdimen 13\font =3.97485pt\relax
(fontspec)             \fontdimen 14\font =3.97485pt\relax \fontdimen 15\font
(fontspec)             =3.16455pt\relax \fontdimen 16\font =2.70465pt\relax
(fontspec)             \fontdimen 17\font =2.70465pt\relax \fontdimen 18\font
(fontspec)             =2.7375pt\relax \fontdimen 19\font =2.19pt\relax
(fontspec)             \fontdimen 22\font =2.7375pt\relax \fontdimen 20\font
(fontspec)             =0pt\relax \fontdimen 21\font =0pt\relax 
(fontspec)             - 'bold' (bx/n) with NFSS spec.:
(fontspec)             <->s*[1.0001]"[latinmodern-math.otf]/OT:script=math;lang
uage=DFLT;"
(fontspec)             - 'bold small caps'  (bx/sc) with NFSS spec.: 
(fontspec)             and font adjustment code:
(fontspec)             \fontdimen 8\font =7.41315pt\relax \fontdimen 9\font
(fontspec)             =4.3143pt\relax \fontdimen 10\font =4.8618pt\relax
(fontspec)             \fontdimen 11\font =7.5117pt\relax \fontdimen 12\font
(fontspec)             =3.77776pt\relax \fontdimen 13\font =3.97485pt\relax
(fontspec)             \fontdimen 14\font =3.97485pt\relax \fontdimen 15\font
(fontspec)             =3.16455pt\relax \fontdimen 16\font =2.70465pt\relax
(fontspec)             \fontdimen 17\font =2.70465pt\relax \fontdimen 18\font
(fontspec)             =2.7375pt\relax \fontdimen 19\font =2.19pt\relax
(fontspec)             \fontdimen 22\font =2.7375pt\relax \fontdimen 20\font
(fontspec)             =0pt\relax \fontdimen 21\font =0pt\relax 

LaTeX Font Info:    Encoding `OMS' has changed to `TU' for symbol font
(Font)              `symbols' in the math version `normal' on input line 125.
LaTeX Font Info:    Overwriting symbol font `symbols' in version `normal'
(Font)                  OMS/lmsy/m/n --> TU/latinmodern-math.otf(2)/m/n on inpu
t line 125.
LaTeX Font Info:    Encoding `OMS' has changed to `TU' for symbol font
(Font)              `symbols' in the math version `bold' on input line 125.
LaTeX Font Info:    Overwriting symbol font `symbols' in version `bold'
(Font)                  OMS/lmsy/b/n --> TU/latinmodern-math.otf(2)/bx/n on inp
ut line 125.

Package fontspec Info: latinmodern-math scale = 1.


Package fontspec Info: latinmodern-math scale = 0.9999.


Package fontspec Info: latinmodern-math scale = 1.


Package fontspec Info: latinmodern-math scale = 0.9999.


Package fontspec Info: latinmodern-math scale = 1.


Package fontspec Info: latinmodern-math scale = 0.9999.


Package fontspec Info: latinmodern-math scale = 1.


Package fontspec Info: latinmodern-math scale = 0.9999.


Package fontspec Info: latinmodern-math scale = 1.


Package fontspec Info: latinmodern-math scale = 0.9999.


Package fontspec Info: Font family 'latinmodern-math.otf(3)' created for font
(fontspec)             'latinmodern-math.otf' with options
(fontspec)             [Scale=MatchLowercase,BoldItalicFont={},ItalicFont={},Sm
allCapsFont={},Script=Math,SizeFeatures={{Size=9.3075-},{Size=6.57-9.3075,Font=
latinmodern-math.otf,Style=MathScript},{Size=-6.57,Font=latinmodern-math.otf,St
yle=MathScriptScript}},BoldFont={latinmodern-math.otf},ScaleAgain=0.9999,FontAd
justment={\fontdimen
(fontspec)             8\font =0.438pt\relax \fontdimen 9\font =2.19pt\relax
(fontspec)             \fontdimen 10\font =1.82864pt\relax \fontdimen 11\font
(fontspec)             =1.21545pt\relax \fontdimen 12\font =6.56999pt\relax
(fontspec)             \fontdimen 13\font =0pt\relax }].
(fontspec)              
(fontspec)              This font family consists of the following NFSS
(fontspec)             series/shapes:
(fontspec)              
(fontspec)             - 'normal' (m/n) with NFSS spec.:
(fontspec)             <9.3075->s*[0.9999]"[latinmodern-math.otf]/OT:script=mat
h;language=DFLT;"<6.57-9.3075>s*[0.9999]"[latinmodern-math.otf]/OT:script=math;
language=DFLT;+ssty=0;"<-6.57>s*[0.9999]"[latinmodern-math.otf]/OT:script=math;
language=DFLT;+ssty=1;"
(fontspec)             - 'small caps'  (m/sc) with NFSS spec.: 
(fontspec)             and font adjustment code:
(fontspec)             \fontdimen 8\font =0.438pt\relax \fontdimen 9\font
(fontspec)             =2.19pt\relax \fontdimen 10\font =1.82864pt\relax
(fontspec)             \fontdimen 11\font =1.21545pt\relax \fontdimen 12\font
(fontspec)             =6.56999pt\relax \fontdimen 13\font =0pt\relax 
(fontspec)             - 'bold' (bx/n) with NFSS spec.:
(fontspec)             <->s*[0.9999]"[latinmodern-math.otf]/OT:script=math;lang
uage=DFLT;"
(fontspec)             - 'bold small caps'  (bx/sc) with NFSS spec.: 
(fontspec)             and font adjustment code:
(fontspec)             \fontdimen 8\font =0.438pt\relax \fontdimen 9\font
(fontspec)             =2.19pt\relax \fontdimen 10\font =1.82864pt\relax
(fontspec)             \fontdimen 11\font =1.21545pt\relax \fontdimen 12\font
(fontspec)             =6.56999pt\relax \fontdimen 13\font =0pt\relax 

LaTeX Font Info:    Encoding `OMX' has changed to `TU' for symbol font
(Font)              `largesymbols' in the math version `normal' on input line 1
25.
LaTeX Font Info:    Overwriting symbol font `largesymbols' in version `normal'
(Font)                  OMX/lmex/m/n --> TU/latinmodern-math.otf(3)/m/n on inpu
t line 125.
LaTeX Font Info:    Encoding `OMX' has changed to `TU' for symbol font
(Font)              `largesymbols' in the math version `bold' on input line 125
.
LaTeX Font Info:    Overwriting symbol font `largesymbols' in version `bold'
(Font)                  OMX/lmex/m/n --> TU/latinmodern-math.otf(3)/bx/n on inp
ut line 125.
Package caption Info: Begin \AtBeginDocument code.
Package caption Info: float package is loaded.
Package caption Info: longtable package is loaded.

(c:/Users/Administrator/AppData/Roaming/TinyTeX/texmf-dist/tex/latex/caption/lt
caption.sty
Package: ltcaption 2018/08/26 v1.4a longtable captions (AR)
)
Package caption Info: threeparttable package is loaded.
Package caption Info: wrapfig package is loaded.
Package caption Info: End \AtBeginDocument code.
No file ACMG.nav.

Overfull \hbox (61.68137pt too wide) in paragraph at lines 125--125
 [][][][]  
 []


Overfull \hbox (61.68137pt too wide) has occurred while \output is active
 [][][][]  
 []

[1

]
LaTeX Font Info:    Font shape `TU/latinmodern-math.otf(1)/m/n' will be
(Font)              scaled to size 7.665pt on input line 145.
LaTeX Font Info:    Font shape `TU/latinmodern-math.otf(1)/m/n' will be
(Font)              scaled to size 5.475pt on input line 145.
LaTeX Font Info:    Try loading font information for OML+lmm on input line 145.


(c:/Users/Administrator/AppData/Roaming/TinyTeX/texmf-dist/tex/latex/lm/omllmm.
fd
File: omllmm.fd 2009/10/30 v1.6 Font defs for Latin Modern
)
LaTeX Font Info:    Font shape `TU/latinmodern-math.otf(2)/m/n' will be
(Font)              scaled to size 10.95116pt on input line 145.
LaTeX Font Info:    Font shape `TU/latinmodern-math.otf(2)/m/n' will be
(Font)              scaled to size 7.6658pt on input line 145.
LaTeX Font Info:    Font shape `TU/latinmodern-math.otf(2)/m/n' will be
(Font)              scaled to size 5.47559pt on input line 145.
LaTeX Font Info:    Font shape `TU/latinmodern-math.otf(3)/m/n' will be
(Font)              scaled to size 10.94882pt on input line 145.
LaTeX Font Info:    Font shape `TU/latinmodern-math.otf(3)/m/n' will be
(Font)              scaled to size 7.66417pt on input line 145.
LaTeX Font Info:    Font shape `TU/latinmodern-math.otf(3)/m/n' will be
(Font)              scaled to size 5.47441pt on input line 145.
LaTeX Font Info:    Try loading font information for U+msa on input line 145.

(c:/Users/Administrator/AppData/Roaming/TinyTeX/texmf-dist/tex/latex/amsfonts/u
msa.fd
File: umsa.fd 2013/01/14 v3.01 AMS symbols A
)
LaTeX Font Info:    Try loading font information for U+msb on input line 145.

(c:/Users/Administrator/AppData/Roaming/TinyTeX/texmf-dist/tex/latex/amsfonts/u
msb.fd
File: umsb.fd 2013/01/14 v3.01 AMS symbols B
)
Overfull \hbox (61.68137pt too wide) has occurred while \output is active
 [][][][]  
 []

[2

]
Overfull \hbox (61.68137pt too wide) has occurred while \output is active
 [][][][]  
 []

[3

]
Overfull \hbox (61.68137pt too wide) has occurred while \output is active
 [][][][]  
 []

[4

]
Overfull \hbox (61.68137pt too wide) has occurred while \output is active
 [][][][]  
 []

[5

]
Overfull \hbox (61.68137pt too wide) has occurred while \output is active
 [][][][]  
 []

[6

]
File: ACMG-figure/pedigree.jpg Graphic file (type bmp)
<ACMG-figure/pedigree.jpg>

Overfull \vbox (31.42426pt too high) detected at line 207
 []


Overfull \hbox (61.68137pt too wide) has occurred while \output is active
 [][][][]  
 []

[7

]
Overfull \hbox (61.68137pt too wide) has occurred while \output is active
 [][][][]  
 []

[8

]
File: ACMG-figure/gnomad.jpg Graphic file (type bmp)
<ACMG-figure/gnomad.jpg>

Overfull \vbox (31.42564pt too high) detected at line 229
 []


Overfull \hbox (61.68137pt too wide) has occurred while \output is active
 [][][][]  
 []

[9

]
Overfull \hbox (61.68137pt too wide) has occurred while \output is active
 [][][][]  
 []

[10

]
Missing character: There is no  in font [lmsans10-regular]:mapping=tex-text;!

Overfull \hbox (61.68137pt too wide) has occurred while \output is active
 [][][][]  
 []

[11

]
Overfull \hbox (61.68137pt too wide) has occurred while \output is active
 [][][][]  
 []

[12

]
Overfull \hbox (61.68137pt too wide) has occurred while \output is active
 [][][][]  
 []

[13

]
Overfull \hbox (61.68137pt too wide) has occurred while \output is active
 [][][][]  
 []

[14

]

LaTeX Warning: File `https://media.nature.com/lw926/nature-assets/gim/journal/v
17/n5/images/gim201530f1.jpeg' not found on input line 332.

! Unable to load picture or PDF file 'https://media.nature.com/lw926/nature-ass
ets/gim/journal/v17/n5/images/gim201530f1.jpeg'.
<to be read again> 
                   }
l.332 \end{frame}
                  
Here is how much of TeX's memory you used:
 42151 strings out of 494894
 838214 string characters out of 6175104
 1037555 words of memory out of 5000000
 45438 multiletter control sequences out of 15000+600000
 535800 words of font info for 54 fonts, out of 8000000 for 9000
 14 hyphenation exceptions out of 8191
 58i,15n,115p,792b,460s stack positions out of 5000i,500n,10000p,200000b,80000s

Output written on ACMG.pdf (14 pages).
